{"numFailedTestSuites":0,"numFailedTests":0,"numPassedTestSuites":4,"numPassedTests":45,"numPendingTestSuites":0,"numPendingTests":0,"numRuntimeErrorTestSuites":0,"numTodoTests":0,"numTotalTestSuites":4,"numTotalTests":45,"openHandles":[],"snapshot":{"added":0,"didUpdate":false,"failure":false,"filesAdded":0,"filesRemoved":0,"filesRemovedList":[],"filesUnmatched":0,"filesUpdated":0,"matched":0,"total":0,"unchecked":0,"uncheckedKeysByFile":[],"unmatched":0,"updated":0},"startTime":1783697036729,"success":true,"testResults":[{"assertionResults":[{"ancestorTitles":["Utility Module Tests","generateUniqueId()"],"duration":4,"failing":false,"failureDetails":[],"failureMessages":[],"fullName":"Utility Module Tests generateUniqueId() should generate a string ID","invocations":1,"location":null,"numPassingAsserts":2,"retryReasons":[],"startAt":1783697038597,"status":"passed","title":"should generate a string ID"},{"ancestorTitles":["Utility Module Tests","generateUniqueId()"],"duration":2,"failing":false,"failureDetails":[],"failureMessages":[],"fullName":"Utility Module Tests generateUniqueId() should generate unique IDs on consecutive calls","invocations":1,"location":null,"numPassingAsserts":1,"retryReasons":[],"startAt":1783697038602,"status":"passed","title":"should generate unique IDs on consecutive calls"},{"ancestorTitles":["Utility Module Tests","generateUniqueId()"],"duration":2,"failing":false,"failureDetails":[],"failureMessages":[],"fullName":"Utility Module Tests generateUniqueId() should utilize crypto.randomUUID when available in environment","invocations":1,"location":null,"numPassingAsserts":2,"retryReasons":[],"startAt":1783697038604,"status":"passed","title":"should utilize crypto.randomUUID when available in environment"},{"ancestorTitles":["Utility Module Tests","formatDate()"],"duration":0,"failing":false,"failureDetails":[],"failureMessages":[],"fullName":"Utility Module Tests formatDate() should format a valid Date object to YYYY-MM-DD","invocations":1,"location":null,"numPassingAsserts":1,"retryReasons":[],"startAt":1783697038607,"status":"passed","title":"should format a valid Date object to YYYY-MM-DD"},{"ancestorTitles":["Utility Module Tests","formatDate()"],"duration":0,"failing":false,"failureDetails":[],"failureMessages":[],"fullName":"Utility Module Tests formatDate() should format a valid ISO string date to YYYY-MM-DD","invocations":1,"location":null,"numPassingAsserts":1,"retryReasons":[],"startAt":1783697038608,"status":"passed","title":"should format a valid ISO string date to YYYY-MM-DD"},{"ancestorTitles":["Utility Module Tests","formatDate()"],"duration":1,"failing":false,"failureDetails":[],"failureMessages":[],"fullName":"Utility Module Tests formatDate() should return empty string for null or undefined input","invocations":1,"location":null,"numPassingAsserts":2,"retryReasons":[],"startAt":1783697038609,"status":"passed","title":"should return empty string for null or undefined input"},{"ancestorTitles":["Utility Module Tests","formatDate()"],"duration":1,"failing":false,"failureDetails":[],"failureMessages":[],"fullName":"Utility Module Tests formatDate() should return empty string for an invalid date string","invocations":1,"location":null,"numPassingAsserts":1,"retryReasons":[],"startAt":1783697038610,"status":"passed","title":"should return empty string for an invalid date string"},{"ancestorTitles":["Utility Module Tests","sortTasks()"],"duration":1,"failing":false,"failureDetails":[],"failureMessages":[],"fullName":"Utility Module Tests sortTasks() should sort tasks by date ascending by default","invocations":1,"location":null,"numPassingAsserts":3,"retryReasons":[],"startAt":1783697038611,"status":"passed","title":"should sort tasks by date ascending by default"},{"ancestorTitles":["Utility Module Tests","sortTasks()"],"duration":2,"failing":false,"failureDetails":[],"failureMessages":[],"fullName":"Utility Module Tests sortTasks() should sort tasks by date descending","invocations":1,"location":null,"numPassingAsserts":3,"retryReasons":[],"startAt":1783697038613,"status":"passed","title":"should sort tasks by date descending"},{"ancestorTitles":["Utility Module Tests","sortTasks()"],"duration":10,"failing":false,"failureDetails":[],"failureMessages":[],"fullName":"Utility Module Tests sortTasks() should sort tasks alphabetically by title","invocations":1,"location":null,"numPassingAsserts":3,"retryReasons":[],"startAt":1783697038615,"status":"passed","title":"should sort tasks alphabetically by title"},{"ancestorTitles":["Utility Module Tests","sortTasks()"],"duration":2,"failing":false,"failureDetails":[],"failureMessages":[],"fullName":"Utility Module Tests sortTasks() should return empty array when task list is null or invalid","invocations":1,"location":null,"numPassingAsserts":2,"retryReasons":[],"startAt":1783697038626,"status":"passed","title":"should return empty array when task list is null or invalid"},{"ancestorTitles":["Utility Module Tests","sortTasks()"],"duration":0,"failing":false,"failureDetails":[],"failureMessages":[],"fullName":"Utility Module Tests sortTasks() should treat blank/missing dates as epoch (1970) for sorting","invocations":1,"location":null,"numPassingAsserts":1,"retryReasons":[],"startAt":1783697038628,"status":"passed","title":"should treat blank/missing dates as epoch (1970) for sorting"}],"endTime":1783697038632,"message":"","name":"/app/applet/frontend-testing/tests/utils.test.js","startTime":1783697037884,"status":"passed","summary":""},{"assertionResults":[{"ancestorTitles":["Storage Module Tests","saveToLocalStorage()"],"duration":3,"failing":false,"failureDetails":[],"failureMessages":[],"fullName":"Storage Module Tests saveToLocalStorage() should serialize and save tasks to localStorage successfully","invocations":1,"location":null,"numPassingAsserts":3,"retryReasons":[],"startAt":1783697038727,"status":"passed","title":"should serialize and save tasks to localStorage successfully"},{"ancestorTitles":["Storage Module Tests","saveToLocalStorage()"],"duration":1,"failing":false,"failureDetails":[],"failureMessages":[],"fullName":"Storage Module Tests saveToLocalStorage() should return false if input task list is not an array","invocations":1,"location":null,"numPassingAsserts":2,"retryReasons":[],"startAt":1783697038730,"status":"passed","title":"should return false if input task list is not an array"},{"ancestorTitles":["Storage Module Tests","saveToLocalStorage()"],"duration":1,"failing":false,"failureDetails":[],"failureMessages":[],"fullName":"Storage Module Tests saveToLocalStorage() should catch and log errors if localStorage.setItem throws an error (e.g. quota exceeded)","invocations":1,"location":null,"numPassingAsserts":2,"retryReasons":[],"startAt":1783697038732,"status":"passed","title":"should catch and log errors if localStorage.setItem throws an error (e.g. quota exceeded)"},{"ancestorTitles":["Storage Module Tests","loadFromLocalStorage()"],"duration":1,"failing":false,"failureDetails":[],"failureMessages":[],"fullName":"Storage Module Tests loadFromLocalStorage() should retrieve and deserialize tasks from localStorage successfully","invocations":1,"location":null,"numPassingAsserts":2,"retryReasons":[],"startAt":1783697038733,"status":"passed","title":"should retrieve and deserialize tasks from localStorage successfully"},{"ancestorTitles":["Storage Module Tests","loadFromLocalStorage()"],"duration":1,"failing":false,"failureDetails":[],"failureMessages":[],"fullName":"Storage Module Tests loadFromLocalStorage() should return an empty array if storage is empty","invocations":1,"location":null,"numPassingAsserts":2,"retryReasons":[],"startAt":1783697038734,"status":"passed","title":"should return an empty array if storage is empty"},{"ancestorTitles":["Storage Module Tests","loadFromLocalStorage()"],"duration":1,"failing":false,"failureDetails":[],"failureMessages":[],"fullName":"Storage Module Tests loadFromLocalStorage() should return empty array and catch/log errors if stored JSON is corrupted","invocations":1,"location":null,"numPassingAsserts":2,"retryReasons":[],"startAt":1783697038736,"status":"passed","title":"should return empty array and catch/log errors if stored JSON is corrupted"},{"ancestorTitles":["Storage Module Tests","loadFromLocalStorage()"],"duration":1,"failing":false,"failureDetails":[],"failureMessages":[],"fullName":"Storage Module Tests loadFromLocalStorage() should return empty array if retrieved data is not a JSON array","invocations":1,"location":null,"numPassingAsserts":1,"retryReasons":[],"startAt":1783697038737,"status":"passed","title":"should return empty array if retrieved data is not a JSON array"}],"endTime":1783697038738,"message":"","name":"/app/applet/frontend-testing/tests/storage.test.js","startTime":1783697038664,"status":"passed","summary":""},{"assertionResults":[{"ancestorTitles":["Task Manager Module Tests","addTask()"],"duration":1,"failing":false,"failureDetails":[],"failureMessages":[],"fullName":"Task Manager Module Tests addTask() should add a task successfully with valid parameters","invocations":1,"location":null,"numPassingAsserts":6,"retryReasons":[],"startAt":1783697038802,"status":"passed","title":"should add a task successfully with valid parameters"},{"ancestorTitles":["Task Manager Module Tests","addTask()"],"duration":1,"failing":false,"failureDetails":[],"failureMessages":[],"fullName":"Task Manager Module Tests addTask() should use 'General' as the default category if none is specified","invocations":1,"location":null,"numPassingAsserts":1,"retryReasons":[],"startAt":1783697038804,"status":"passed","title":"should use 'General' as the default category if none is specified"},{"ancestorTitles":["Task Manager Module Tests","addTask()"],"duration":24,"failing":false,"failureDetails":[],"failureMessages":[],"fullName":"Task Manager Module Tests addTask() should prevent adding a task with an empty title by throwing an error","invocations":1,"location":null,"numPassingAsserts":2,"retryReasons":[],"startAt":1783697038805,"status":"passed","title":"should prevent adding a task with an empty title by throwing an error"},{"ancestorTitles":["Task Manager Module Tests","addTask()"],"duration":1,"failing":false,"failureDetails":[],"failureMessages":[],"fullName":"Task Manager Module Tests addTask() should prevent adding a task with a duplicate title by throwing an error","invocations":1,"location":null,"numPassingAsserts":1,"retryReasons":[],"startAt":1783697038829,"status":"passed","title":"should prevent adding a task with a duplicate title by throwing an error"},{"ancestorTitles":["Task Manager Module Tests","editTask()"],"duration":1,"failing":false,"failureDetails":[],"failureMessages":[],"fullName":"Task Manager Module Tests editTask() should edit an existing task's details successfully","invocations":1,"location":null,"numPassingAsserts":3,"retryReasons":[],"startAt":1783697038830,"status":"passed","title":"should edit an existing task's details successfully"},{"ancestorTitles":["Task Manager Module Tests","editTask()"],"duration":1,"failing":false,"failureDetails":[],"failureMessages":[],"fullName":"Task Manager Module Tests editTask() should throw an error if editing a task name to a duplicate title","invocations":1,"location":null,"numPassingAsserts":1,"retryReasons":[],"startAt":1783697038832,"status":"passed","title":"should throw an error if editing a task name to a duplicate title"},{"ancestorTitles":["Task Manager Module Tests","editTask()"],"duration":1,"failing":false,"failureDetails":[],"failureMessages":[],"fullName":"Task Manager Module Tests editTask() should not modify anything if the task ID does not exist","invocations":1,"location":null,"numPassingAsserts":1,"retryReasons":[],"startAt":1783697038833,"status":"passed","title":"should not modify anything if the task ID does not exist"},{"ancestorTitles":["Task Manager Module Tests","deleteTask()"],"duration":1,"failing":false,"failureDetails":[],"failureMessages":[],"fullName":"Task Manager Module Tests deleteTask() should remove a task from the list by ID successfully","invocations":1,"location":null,"numPassingAsserts":3,"retryReasons":[],"startAt":1783697038834,"status":"passed","title":"should remove a task from the list by ID successfully"},{"ancestorTitles":["Task Manager Module Tests","deleteTask()"],"duration":1,"failing":false,"failureDetails":[],"failureMessages":[],"fullName":"Task Manager Module Tests deleteTask() should not remove any tasks if ID does not exist","invocations":1,"location":null,"numPassingAsserts":2,"retryReasons":[],"startAt":1783697038835,"status":"passed","title":"should not remove any tasks if ID does not exist"},{"ancestorTitles":["Task Manager Module Tests","completeTask()"],"duration":0,"failing":false,"failureDetails":[],"failureMessages":[],"fullName":"Task Manager Module Tests completeTask() should toggle the completion status of a task from false to true","invocations":1,"location":null,"numPassingAsserts":1,"retryReasons":[],"startAt":1783697038836,"status":"passed","title":"should toggle the completion status of a task from false to true"},{"ancestorTitles":["Task Manager Module Tests","completeTask()"],"duration":1,"failing":false,"failureDetails":[],"failureMessages":[],"fullName":"Task Manager Module Tests completeTask() should toggle the completion status of a task from true to false","invocations":1,"location":null,"numPassingAsserts":1,"retryReasons":[],"startAt":1783697038836,"status":"passed","title":"should toggle the completion status of a task from true to false"},{"ancestorTitles":["Task Manager Module Tests","searchTask()"],"duration":1,"failing":false,"failureDetails":[],"failureMessages":[],"fullName":"Task Manager Module Tests searchTask() should return tasks matching search query in titles (case-insensitive)","invocations":1,"location":null,"numPassingAsserts":2,"retryReasons":[],"startAt":1783697038837,"status":"passed","title":"should return tasks matching search query in titles (case-insensitive)"},{"ancestorTitles":["Task Manager Module Tests","searchTask()"],"duration":0,"failing":false,"failureDetails":[],"failureMessages":[],"fullName":"Task Manager Module Tests searchTask() should return tasks matching search query in categories","invocations":1,"location":null,"numPassingAsserts":2,"retryReasons":[],"startAt":1783697038838,"status":"passed","title":"should return tasks matching search query in categories"},{"ancestorTitles":["Task Manager Module Tests","searchTask()"],"duration":1,"failing":false,"failureDetails":[],"failureMessages":[],"fullName":"Task Manager Module Tests searchTask() should return all tasks if search query is empty or whitespace","invocations":1,"location":null,"numPassingAsserts":2,"retryReasons":[],"startAt":1783697038838,"status":"passed","title":"should return all tasks if search query is empty or whitespace"},{"ancestorTitles":["Task Manager Module Tests","searchTask()"],"duration":0,"failing":false,"failureDetails":[],"failureMessages":[],"fullName":"Task Manager Module Tests searchTask() should return an empty array if no tasks match","invocations":1,"location":null,"numPassingAsserts":1,"retryReasons":[],"startAt":1783697038839,"status":"passed","title":"should return an empty array if no tasks match"},{"ancestorTitles":["Task Manager Module Tests","filterTasks()"],"duration":0,"failing":false,"failureDetails":[],"failureMessages":[],"fullName":"Task Manager Module Tests filterTasks() should return all tasks when filtering by 'all'","invocations":1,"location":null,"numPassingAsserts":1,"retryReasons":[],"startAt":1783697038840,"status":"passed","title":"should return all tasks when filtering by 'all'"},{"ancestorTitles":["Task Manager Module Tests","filterTasks()"],"duration":0,"failing":false,"failureDetails":[],"failureMessages":[],"fullName":"Task Manager Module Tests filterTasks() should filter and return only completed tasks","invocations":1,"location":null,"numPassingAsserts":2,"retryReasons":[],"startAt":1783697038840,"status":"passed","title":"should filter and return only completed tasks"},{"ancestorTitles":["Task Manager Module Tests","filterTasks()"],"duration":0,"failing":false,"failureDetails":[],"failureMessages":[],"fullName":"Task Manager Module Tests filterTasks() should filter and return only pending tasks","invocations":1,"location":null,"numPassingAsserts":2,"retryReasons":[],"startAt":1783697038841,"status":"passed","title":"should filter and return only pending tasks"}],"endTime":1783697038842,"message":"","name":"/app/applet/frontend-testing/tests/taskManager.test.js","startTime":1783697038759,"status":"passed","summary":""},{"assertionResults":[{"ancestorTitles":["Validation Module Tests"],"duration":1,"failing":false,"failureDetails":[],"failureMessages":[],"fullName":"Validation Module Tests should pass validation for a valid unique task title","invocations":1,"location":null,"numPassingAsserts":2,"retryReasons":[],"startAt":1783697038902,"status":"passed","title":"should pass validation for a valid unique task title"},{"ancestorTitles":["Validation Module Tests"],"duration":1,"failing":false,"failureDetails":[],"failureMessages":[],"fullName":"Validation Module Tests should fail validation when task title is empty","invocations":1,"location":null,"numPassingAsserts":2,"retryReasons":[],"startAt":1783697038903,"status":"passed","title":"should fail validation when task title is empty"},{"ancestorTitles":["Validation Module Tests"],"duration":0,"failing":false,"failureDetails":[],"failureMessages":[],"fullName":"Validation Module Tests should fail validation when task title contains only whitespace","invocations":1,"location":null,"numPassingAsserts":2,"retryReasons":[],"startAt":1783697038904,"status":"passed","title":"should fail validation when task title contains only whitespace"},{"ancestorTitles":["Validation Module Tests"],"duration":1,"failing":false,"failureDetails":[],"failureMessages":[],"fullName":"Validation Module Tests should fail validation when task title exceeds 50 characters","invocations":1,"location":null,"numPassingAsserts":2,"retryReasons":[],"startAt":1783697038904,"status":"passed","title":"should fail validation when task title exceeds 50 characters"},{"ancestorTitles":["Validation Module Tests"],"duration":0,"failing":false,"failureDetails":[],"failureMessages":[],"fullName":"Validation Module Tests should fail validation when task title is a duplicate (case-insensitive)","invocations":1,"location":null,"numPassingAsserts":2,"retryReasons":[],"startAt":1783697038905,"status":"passed","title":"should fail validation when task title is a duplicate (case-insensitive)"},{"ancestorTitles":["Validation Module Tests"],"duration":0,"failing":false,"failureDetails":[],"failureMessages":[],"fullName":"Validation Module Tests should pass validation when duplicate title matches task being edited","invocations":1,"location":null,"numPassingAsserts":2,"retryReasons":[],"startAt":1783697038906,"status":"passed","title":"should pass validation when duplicate title matches task being edited"},{"ancestorTitles":["Validation Module Tests"],"duration":1,"failing":false,"failureDetails":[],"failureMessages":[],"fullName":"Validation Module Tests should fail validation when title is a duplicate of ANOTHER task during edit","invocations":1,"location":null,"numPassingAsserts":2,"retryReasons":[],"startAt":1783697038906,"status":"passed","title":"should fail validation when title is a duplicate of ANOTHER task during edit"},{"ancestorTitles":["Validation Module Tests"],"duration":0,"failing":false,"failureDetails":[],"failureMessages":[],"fullName":"Validation Module Tests should fail validation when task title is not a string","invocations":1,"location":null,"numPassingAsserts":6,"retryReasons":[],"startAt":1783697038907,"status":"passed","title":"should fail validation when task title is not a string"}],"endTime":1783697038908,"message":"","name":"/app/applet/frontend-testing/tests/validation.test.js","startTime":1783697038864,"status":"passed","summary":""}],"wasInterrupted":false,"coverageMap":{"/app/applet/frontend-testing/src/utils.js":{"path":"/app/applet/frontend-testing/src/utils.js","statementMap":{"0":{"start":{"line":12,"column":2},"end":{"line":14,"column":3}},"1":{"start":{"line":13,"column":4},"end":{"line":13,"column":31}},"2":{"start":{"line":15,"column":2},"end":{"line":15,"column":91}},"3":{"start":{"line":24,"column":2},"end":{"line":24,"column":28}},"4":{"start":{"line":24,"column":18},"end":{"line":24,"column":28}},"5":{"start":{"line":25,"column":15},"end":{"line":25,"column":34}},"6":{"start":{"line":28,"column":2},"end":{"line":30,"column":3}},"7":{"start":{"line":29,"column":4},"end":{"line":29,"column":14}},"8":{"start":{"line":32,"column":15},"end":{"line":32,"column":33}},"9":{"start":{"line":33,"column":16},"end":{"line":33,"column":60}},"10":{"start":{"line":34,"column":14},"end":{"line":34,"column":53}},"11":{"start":{"line":36,"column":2},"end":{"line":36,"column":35}},"12":{"start":{"line":46,"column":2},"end":{"line":48,"column":3}},"13":{"start":{"line":47,"column":4},"end":{"line":47,"column":14}},"14":{"start":{"line":51,"column":17},"end":{"line":51,"column":27}},"15":{"start":{"line":53,"column":2},"end":{"line":69,"column":5}},"16":{"start":{"line":54,"column":4},"end":{"line":56,"column":5}},"17":{"start":{"line":55,"column":6},"end":{"line":55,"column":44}},"18":{"start":{"line":59,"column":18},"end":{"line":59,"column":63}},"19":{"start":{"line":60,"column":18},"end":{"line":60,"column":63}},"20":{"start":{"line":62,"column":4},"end":{"line":66,"column":5}},"21":{"start":{"line":63,"column":6},"end":{"line":63,"column":27}},"22":{"start":{"line":64,"column":11},"end":{"line":66,"column":5}},"23":{"start":{"line":65,"column":6},"end":{"line":65,"column":27}},"24":{"start":{"line":68,"column":4},"end":{"line":68,"column":13}}},"fnMap":{"0":{"name":"generateUniqueId","decl":{"start":{"line":10,"column":16},"end":{"line":10,"column":32}},"loc":{"start":{"line":10,"column":35},"end":{"line":16,"column":1}},"line":10},"1":{"name":"formatDate","decl":{"start":{"line":23,"column":16},"end":{"line":23,"column":26}},"loc":{"start":{"line":23,"column":38},"end":{"line":37,"column":1}},"line":23},"2":{"name":"sortTasks","decl":{"start":{"line":45,"column":16},"end":{"line":45,"column":25}},"loc":{"start":{"line":45,"column":56},"end":{"line":70,"column":1}},"line":45},"3":{"name":"(anonymous_3)","decl":{"start":{"line":53,"column":21},"end":{"line":53,"column":22}},"loc":{"start":{"line":53,"column":31},"end":{"line":69,"column":3}},"line":53}},"branchMap":{"0":{"loc":{"start":{"line":12,"column":2},"end":{"line":14,"column":3}},"type":"if","locations":[{"start":{"line":12,"column":2},"end":{"line":14,"column":3}},{"start":{},"end":{}}],"line":12},"1":{"loc":{"start":{"line":12,"column":6},"end":{"line":12,"column":78}},"type":"binary-expr","locations":[{"start":{"line":12,"column":6},"end":{"line":12,"column":35}},{"start":{"line":12,"column":39},"end":{"line":12,"column":78}}],"line":12},"2":{"loc":{"start":{"line":24,"column":2},"end":{"line":24,"column":28}},"type":"if","locations":[{"start":{"line":24,"column":2},"end":{"line":24,"column":28}},{"start":{},"end":{}}],"line":24},"3":{"loc":{"start":{"line":28,"column":2},"end":{"line":30,"column":3}},"type":"if","locations":[{"start":{"line":28,"column":2},"end":{"line":30,"column":3}},{"start":{},"end":{}}],"line":28},"4":{"loc":{"start":{"line":45,"column":33},"end":{"line":45,"column":54}},"type":"default-arg","locations":[{"start":{"line":45,"column":44},"end":{"line":45,"column":54}}],"line":45},"5":{"loc":{"start":{"line":46,"column":2},"end":{"line":48,"column":3}},"type":"if","locations":[{"start":{"line":46,"column":2},"end":{"line":48,"column":3}},{"start":{},"end":{}}],"line":46},"6":{"loc":{"start":{"line":54,"column":4},"end":{"line":56,"column":5}},"type":"if","locations":[{"start":{"line":54,"column":4},"end":{"line":56,"column":5}},{"start":{},"end":{}}],"line":54},"7":{"loc":{"start":{"line":59,"column":27},"end":{"line":59,"column":52}},"type":"binary-expr","locations":[{"start":{"line":59,"column":27},"end":{"line":59,"column":36}},{"start":{"line":59,"column":40},"end":{"line":59,"column":52}}],"line":59},"8":{"loc":{"start":{"line":60,"column":27},"end":{"line":60,"column":52}},"type":"binary-expr","locations":[{"start":{"line":60,"column":27},"end":{"line":60,"column":36}},{"start":{"line":60,"column":40},"end":{"line":60,"column":52}}],"line":60},"9":{"loc":{"start":{"line":62,"column":4},"end":{"line":66,"column":5}},"type":"if","locations":[{"start":{"line":62,"column":4},"end":{"line":66,"column":5}},{"start":{"line":64,"column":11},"end":{"line":66,"column":5}}],"line":62},"10":{"loc":{"start":{"line":64,"column":11},"end":{"line":66,"column":5}},"type":"if","locations":[{"start":{"line":64,"column":11},"end":{"line":66,"column":5}},{"start":{},"end":{}}],"line":64}},"s":{"0":6,"1":6,"2":0,"3":5,"4":2,"5":3,"6":3,"7":1,"8":2,"9":2,"10":2,"11":2,"12":6,"13":2,"14":4,"15":4,"16":12,"17":4,"18":8,"19":8,"20":8,"21":4,"22":4,"23":4,"24":0},"f":{"0":6,"1":5,"2":6,"3":12},"b":{"0":[6,0],"1":[6,6],"2":[2,3],"3":[1,2],"4":[3],"5":[2,4],"6":[4,8],"7":[8,0],"8":[8,1],"9":[4,4],"10":[4,0]},"_coverageSchema":"1a1c01bbd47fc00a2c39e90264f33305004495a9","hash":"e30243953d0ff64e6967aaf95c47e87dc7b24fdf"},"/app/applet/frontend-testing/src/storage.js":{"path":"/app/applet/frontend-testing/src/storage.js","statementMap":{"0":{"start":{"line":5,"column":20},"end":{"line":5,"column":37}},"1":{"start":{"line":13,"column":2},"end":{"line":15,"column":3}},"2":{"start":{"line":14,"column":4},"end":{"line":14,"column":17}},"3":{"start":{"line":17,"column":2},"end":{"line":19,"column":3}},"4":{"start":{"line":18,"column":4},"end":{"line":18,"column":17}},"5":{"start":{"line":21,"column":2},"end":{"line":27,"column":3}},"6":{"start":{"line":22,"column":4},"end":{"line":22,"column":61}},"7":{"start":{"line":23,"column":4},"end":{"line":23,"column":16}},"8":{"start":{"line":25,"column":4},"end":{"line":25,"column":65}},"9":{"start":{"line":26,"column":4},"end":{"line":26,"column":17}},"10":{"start":{"line":35,"column":2},"end":{"line":37,"column":3}},"11":{"start":{"line":36,"column":4},"end":{"line":36,"column":14}},"12":{"start":{"line":39,"column":2},"end":{"line":49,"column":3}},"13":{"start":{"line":40,"column":27},"end":{"line":40,"column":60}},"14":{"start":{"line":41,"column":4},"end":{"line":43,"column":5}},"15":{"start":{"line":42,"column":6},"end":{"line":42,"column":16}},"16":{"start":{"line":44,"column":19},"end":{"line":44,"column":45}},"17":{"start":{"line":45,"column":4},"end":{"line":45,"column":47}},"18":{"start":{"line":47,"column":4},"end":{"line":47,"column":68}},"19":{"start":{"line":48,"column":4},"end":{"line":48,"column":14}}},"fnMap":{"0":{"name":"saveToLocalStorage","decl":{"start":{"line":12,"column":16},"end":{"line":12,"column":34}},"loc":{"start":{"line":12,"column":42},"end":{"line":28,"column":1}},"line":12},"1":{"name":"loadFromLocalStorage","decl":{"start":{"line":34,"column":16},"end":{"line":34,"column":36}},"loc":{"start":{"line":34,"column":39},"end":{"line":50,"column":1}},"line":34}},"branchMap":{"0":{"loc":{"start":{"line":13,"column":2},"end":{"line":15,"column":3}},"type":"if","locations":[{"start":{"line":13,"column":2},"end":{"line":15,"column":3}},{"start":{},"end":{}}],"line":13},"1":{"loc":{"start":{"line":17,"column":2},"end":{"line":19,"column":3}},"type":"if","locations":[{"start":{"line":17,"column":2},"end":{"line":19,"column":3}},{"start":{},"end":{}}],"line":17},"2":{"loc":{"start":{"line":17,"column":6},"end":{"line":17,"column":58}},"type":"binary-expr","locations":[{"start":{"line":17,"column":6},"end":{"line":17,"column":41}},{"start":{"line":17,"column":45},"end":{"line":17,"column":58}}],"line":17},"3":{"loc":{"start":{"line":35,"column":2},"end":{"line":37,"column":3}},"type":"if","locations":[{"start":{"line":35,"column":2},"end":{"line":37,"column":3}},{"start":{},"end":{}}],"line":35},"4":{"loc":{"start":{"line":35,"column":6},"end":{"line":35,"column":58}},"type":"binary-expr","locations":[{"start":{"line":35,"column":6},"end":{"line":35,"column":41}},{"start":{"line":35,"column":45},"end":{"line":35,"column":58}}],"line":35},"5":{"loc":{"start":{"line":41,"column":4},"end":{"line":43,"column":5}},"type":"if","locations":[{"start":{"line":41,"column":4},"end":{"line":43,"column":5}},{"start":{},"end":{}}],"line":41},"6":{"loc":{"start":{"line":45,"column":11},"end":{"line":45,"column":46}},"type":"cond-expr","locations":[{"start":{"line":45,"column":35},"end":{"line":45,"column":41}},{"start":{"line":45,"column":44},"end":{"line":45,"column":46}}],"line":45}},"s":{"0":1,"1":3,"2":1,"3":2,"4":0,"5":2,"6":2,"7":1,"8":1,"9":1,"10":4,"11":0,"12":4,"13":4,"14":4,"15":1,"16":3,"17":2,"18":1,"19":1},"f":{"0":3,"1":4},"b":{"0":[1,2],"1":[0,2],"2":[2,2],"3":[0,4],"4":[4,4],"5":[1,3],"6":[1,1]},"_coverageSchema":"1a1c01bbd47fc00a2c39e90264f33305004495a9","hash":"eae3a8083ff0997a4804ecc5dfa53ac19d37b189"},"/app/applet/frontend-testing/src/validation.js":{"path":"/app/applet/frontend-testing/src/validation.js","statementMap":{"0":{"start":{"line":19,"column":2},"end":{"line":24,"column":3}},"1":{"start":{"line":20,"column":4},"end":{"line":23,"column":6}},"2":{"start":{"line":26,"column":23},"end":{"line":26,"column":35}},"3":{"start":{"line":29,"column":2},"end":{"line":34,"column":3}},"4":{"start":{"line":30,"column":4},"end":{"line":33,"column":6}},"5":{"start":{"line":37,"column":2},"end":{"line":42,"column":3}},"6":{"start":{"line":38,"column":4},"end":{"line":41,"column":6}},"7":{"start":{"line":45,"column":22},"end":{"line":51,"column":4}},"8":{"start":{"line":47,"column":4},"end":{"line":49,"column":5}},"9":{"start":{"line":48,"column":6},"end":{"line":48,"column":19}},"10":{"start":{"line":50,"column":4},"end":{"line":50,"column":74}},"11":{"start":{"line":53,"column":2},"end":{"line":58,"column":3}},"12":{"start":{"line":54,"column":4},"end":{"line":57,"column":6}},"13":{"start":{"line":61,"column":2},"end":{"line":64,"column":4}}},"fnMap":{"0":{"name":"validateTask","decl":{"start":{"line":17,"column":16},"end":{"line":17,"column":28}},"loc":{"start":{"line":17,"column":78},"end":{"line":65,"column":1}},"line":17},"1":{"name":"(anonymous_1)","decl":{"start":{"line":45,"column":41},"end":{"line":45,"column":42}},"loc":{"start":{"line":45,"column":49},"end":{"line":51,"column":3}},"line":45}},"branchMap":{"0":{"loc":{"start":{"line":17,"column":36},"end":{"line":17,"column":54}},"type":"default-arg","locations":[{"start":{"line":17,"column":52},"end":{"line":17,"column":54}}],"line":17},"1":{"loc":{"start":{"line":17,"column":56},"end":{"line":17,"column":76}},"type":"default-arg","locations":[{"start":{"line":17,"column":72},"end":{"line":17,"column":76}}],"line":17},"2":{"loc":{"start":{"line":19,"column":2},"end":{"line":24,"column":3}},"type":"if","locations":[{"start":{"line":19,"column":2},"end":{"line":24,"column":3}},{"start":{},"end":{}}],"line":19},"3":{"loc":{"start":{"line":29,"column":2},"end":{"line":34,"column":3}},"type":"if","locations":[{"start":{"line":29,"column":2},"end":{"line":34,"column":3}},{"start":{},"end":{}}],"line":29},"4":{"loc":{"start":{"line":37,"column":2},"end":{"line":42,"column":3}},"type":"if","locations":[{"start":{"line":37,"column":2},"end":{"line":42,"column":3}},{"start":{},"end":{}}],"line":37},"5":{"loc":{"start":{"line":47,"column":4},"end":{"line":49,"column":5}},"type":"if","locations":[{"start":{"line":47,"column":4},"end":{"line":49,"column":5}},{"start":{},"end":{}}],"line":47},"6":{"loc":{"start":{"line":47,"column":8},"end":{"line":47,"column":50}},"type":"binary-expr","locations":[{"start":{"line":47,"column":8},"end":{"line":47,"column":21}},{"start":{"line":47,"column":25},"end":{"line":47,"column":50}}],"line":47},"7":{"loc":{"start":{"line":53,"column":2},"end":{"line":58,"column":3}},"type":"if","locations":[{"start":{"line":53,"column":2},"end":{"line":58,"column":3}},{"start":{},"end":{}}],"line":53}},"s":{"0":17,"1":3,"2":14,"3":14,"4":3,"5":11,"6":1,"7":10,"8":18,"9":4,"10":14,"11":10,"12":4,"13":6},"f":{"0":17,"1":18},"b":{"0":[0],"1":[12],"2":[3,14],"3":[3,11],"4":[1,10],"5":[4,14],"6":[18,10],"7":[4,6]},"_coverageSchema":"1a1c01bbd47fc00a2c39e90264f33305004495a9","hash":"1852afb606c9a068473b8db03d2bbd9bdefe515b"},"/app/applet/frontend-testing/src/taskManager.js":{"path":"/app/applet/frontend-testing/src/taskManager.js","statementMap":{"0":{"start":{"line":19,"column":2},"end":{"line":21,"column":3}},"1":{"start":{"line":20,"column":4},"end":{"line":20,"column":52}},"2":{"start":{"line":24,"column":21},"end":{"line":24,"column":47}},"3":{"start":{"line":25,"column":2},"end":{"line":27,"column":3}},"4":{"start":{"line":26,"column":4},"end":{"line":26,"column":38}},"5":{"start":{"line":29,"column":18},"end":{"line":36,"column":3}},"6":{"start":{"line":39,"column":2},"end":{"line":39,"column":29}},"7":{"start":{"line":51,"column":2},"end":{"line":53,"column":3}},"8":{"start":{"line":52,"column":4},"end":{"line":52,"column":14}},"9":{"start":{"line":56,"column":2},"end":{"line":61,"column":3}},"10":{"start":{"line":57,"column":23},"end":{"line":57,"column":67}},"11":{"start":{"line":58,"column":4},"end":{"line":60,"column":5}},"12":{"start":{"line":59,"column":6},"end":{"line":59,"column":40}},"13":{"start":{"line":63,"column":2},"end":{"line":73,"column":5}},"14":{"start":{"line":64,"column":4},"end":{"line":71,"column":5}},"15":{"start":{"line":65,"column":6},"end":{"line":70,"column":8}},"16":{"start":{"line":72,"column":4},"end":{"line":72,"column":16}},"17":{"start":{"line":83,"column":2},"end":{"line":85,"column":3}},"18":{"start":{"line":84,"column":4},"end":{"line":84,"column":14}},"19":{"start":{"line":86,"column":2},"end":{"line":86,"column":46}},"20":{"start":{"line":86,"column":30},"end":{"line":86,"column":44}},"21":{"start":{"line":96,"column":2},"end":{"line":98,"column":3}},"22":{"start":{"line":97,"column":4},"end":{"line":97,"column":14}},"23":{"start":{"line":99,"column":2},"end":{"line":107,"column":5}},"24":{"start":{"line":100,"column":4},"end":{"line":105,"column":5}},"25":{"start":{"line":101,"column":6},"end":{"line":104,"column":8}},"26":{"start":{"line":106,"column":4},"end":{"line":106,"column":16}},"27":{"start":{"line":117,"column":2},"end":{"line":119,"column":3}},"28":{"start":{"line":118,"column":4},"end":{"line":118,"column":14}},"29":{"start":{"line":121,"column":23},"end":{"line":121,"column":49}},"30":{"start":{"line":122,"column":2},"end":{"line":124,"column":3}},"31":{"start":{"line":123,"column":4},"end":{"line":123,"column":17}},"32":{"start":{"line":126,"column":2},"end":{"line":129,"column":4}},"33":{"start":{"line":127,"column":4},"end":{"line":128,"column":73}},"34":{"start":{"line":139,"column":2},"end":{"line":141,"column":3}},"35":{"start":{"line":140,"column":4},"end":{"line":140,"column":14}},"36":{"start":{"line":143,"column":2},"end":{"line":151,"column":3}},"37":{"start":{"line":145,"column":6},"end":{"line":145,"column":59}},"38":{"start":{"line":145,"column":34},"end":{"line":145,"column":57}},"39":{"start":{"line":147,"column":6},"end":{"line":147,"column":60}},"40":{"start":{"line":147,"column":34},"end":{"line":147,"column":58}},"41":{"start":{"line":150,"column":6},"end":{"line":150,"column":19}}},"fnMap":{"0":{"name":"addTask","decl":{"start":{"line":18,"column":16},"end":{"line":18,"column":23}},"loc":{"start":{"line":18,"column":74},"end":{"line":40,"column":1}},"line":18},"1":{"name":"editTask","decl":{"start":{"line":50,"column":16},"end":{"line":50,"column":24}},"loc":{"start":{"line":50,"column":56},"end":{"line":74,"column":1}},"line":50},"2":{"name":"(anonymous_2)","decl":{"start":{"line":63,"column":19},"end":{"line":63,"column":20}},"loc":{"start":{"line":63,"column":27},"end":{"line":73,"column":3}},"line":63},"3":{"name":"deleteTask","decl":{"start":{"line":82,"column":16},"end":{"line":82,"column":26}},"loc":{"start":{"line":82,"column":38},"end":{"line":87,"column":1}},"line":82},"4":{"name":"(anonymous_4)","decl":{"start":{"line":86,"column":22},"end":{"line":86,"column":23}},"loc":{"start":{"line":86,"column":30},"end":{"line":86,"column":44}},"line":86},"5":{"name":"completeTask","decl":{"start":{"line":95,"column":16},"end":{"line":95,"column":28}},"loc":{"start":{"line":95,"column":40},"end":{"line":108,"column":1}},"line":95},"6":{"name":"(anonymous_6)","decl":{"start":{"line":99,"column":19},"end":{"line":99,"column":20}},"loc":{"start":{"line":99,"column":27},"end":{"line":107,"column":3}},"line":99},"7":{"name":"searchTask","decl":{"start":{"line":116,"column":16},"end":{"line":116,"column":26}},"loc":{"start":{"line":116,"column":46},"end":{"line":130,"column":1}},"line":116},"8":{"name":"(anonymous_8)","decl":{"start":{"line":126,"column":22},"end":{"line":126,"column":23}},"loc":{"start":{"line":127,"column":4},"end":{"line":128,"column":73}},"line":127},"9":{"name":"filterTasks","decl":{"start":{"line":138,"column":16},"end":{"line":138,"column":27}},"loc":{"start":{"line":138,"column":55},"end":{"line":152,"column":1}},"line":138},"10":{"name":"(anonymous_10)","decl":{"start":{"line":145,"column":26},"end":{"line":145,"column":27}},"loc":{"start":{"line":145,"column":34},"end":{"line":145,"column":57}},"line":145},"11":{"name":"(anonymous_11)","decl":{"start":{"line":147,"column":26},"end":{"line":147,"column":27}},"loc":{"start":{"line":147,"column":34},"end":{"line":147,"column":58}},"line":147}},"branchMap":{"0":{"loc":{"start":{"line":18,"column":38},"end":{"line":18,"column":58}},"type":"default-arg","locations":[{"start":{"line":18,"column":49},"end":{"line":18,"column":58}}],"line":18},"1":{"loc":{"start":{"line":18,"column":60},"end":{"line":18,"column":72}},"type":"default-arg","locations":[{"start":{"line":18,"column":70},"end":{"line":18,"column":72}}],"line":18},"2":{"loc":{"start":{"line":19,"column":2},"end":{"line":21,"column":3}},"type":"if","locations":[{"start":{"line":19,"column":2},"end":{"line":21,"column":3}},{"start":{},"end":{}}],"line":19},"3":{"loc":{"start":{"line":25,"column":2},"end":{"line":27,"column":3}},"type":"if","locations":[{"start":{"line":25,"column":2},"end":{"line":27,"column":3}},{"start":{},"end":{}}],"line":25},"4":{"loc":{"start":{"line":32,"column":14},"end":{"line":32,"column":42}},"type":"binary-expr","locations":[{"start":{"line":32,"column":14},"end":{"line":32,"column":29}},{"start":{"line":32,"column":33},"end":{"line":32,"column":42}}],"line":32},"5":{"loc":{"start":{"line":33,"column":13},"end":{"line":33,"column":26}},"type":"binary-expr","locations":[{"start":{"line":33,"column":13},"end":{"line":33,"column":20}},{"start":{"line":33,"column":24},"end":{"line":33,"column":26}}],"line":33},"6":{"loc":{"start":{"line":50,"column":36},"end":{"line":50,"column":54}},"type":"default-arg","locations":[{"start":{"line":50,"column":52},"end":{"line":50,"column":54}}],"line":50},"7":{"loc":{"start":{"line":51,"column":2},"end":{"line":53,"column":3}},"type":"if","locations":[{"start":{"line":51,"column":2},"end":{"line":53,"column":3}},{"start":{},"end":{}}],"line":51},"8":{"loc":{"start":{"line":56,"column":2},"end":{"line":61,"column":3}},"type":"if","locations":[{"start":{"line":56,"column":2},"end":{"line":61,"column":3}},{"start":{},"end":{}}],"line":56},"9":{"loc":{"start":{"line":58,"column":4},"end":{"line":60,"column":5}},"type":"if","locations":[{"start":{"line":58,"column":4},"end":{"line":60,"column":5}},{"start":{},"end":{}}],"line":58},"10":{"loc":{"start":{"line":64,"column":4},"end":{"line":71,"column":5}},"type":"if","locations":[{"start":{"line":64,"column":4},"end":{"line":71,"column":5}},{"start":{},"end":{}}],"line":64},"11":{"loc":{"start":{"line":83,"column":2},"end":{"line":85,"column":3}},"type":"if","locations":[{"start":{"line":83,"column":2},"end":{"line":85,"column":3}},{"start":{},"end":{}}],"line":83},"12":{"loc":{"start":{"line":96,"column":2},"end":{"line":98,"column":3}},"type":"if","locations":[{"start":{"line":96,"column":2},"end":{"line":98,"column":3}},{"start":{},"end":{}}],"line":96},"13":{"loc":{"start":{"line":100,"column":4},"end":{"line":105,"column":5}},"type":"if","locations":[{"start":{"line":100,"column":4},"end":{"line":105,"column":5}},{"start":{},"end":{}}],"line":100},"14":{"loc":{"start":{"line":116,"column":34},"end":{"line":116,"column":44}},"type":"default-arg","locations":[{"start":{"line":116,"column":42},"end":{"line":116,"column":44}}],"line":116},"15":{"loc":{"start":{"line":117,"column":2},"end":{"line":119,"column":3}},"type":"if","locations":[{"start":{"line":117,"column":2},"end":{"line":119,"column":3}},{"start":{},"end":{}}],"line":117},"16":{"loc":{"start":{"line":122,"column":2},"end":{"line":124,"column":3}},"type":"if","locations":[{"start":{"line":122,"column":2},"end":{"line":124,"column":3}},{"start":{},"end":{}}],"line":122},"17":{"loc":{"start":{"line":127,"column":4},"end":{"line":128,"column":73}},"type":"binary-expr","locations":[{"start":{"line":127,"column":4},"end":{"line":127,"column":51}},{"start":{"line":128,"column":5},"end":{"line":128,"column":18}},{"start":{"line":128,"column":22},"end":{"line":128,"column":72}}],"line":127},"18":{"loc":{"start":{"line":138,"column":35},"end":{"line":138,"column":53}},"type":"default-arg","locations":[{"start":{"line":138,"column":48},"end":{"line":138,"column":53}}],"line":138},"19":{"loc":{"start":{"line":139,"column":2},"end":{"line":141,"column":3}},"type":"if","locations":[{"start":{"line":139,"column":2},"end":{"line":141,"column":3}},{"start":{},"end":{}}],"line":139},"20":{"loc":{"start":{"line":143,"column":2},"end":{"line":151,"column":3}},"type":"switch","locations":[{"start":{"line":144,"column":4},"end":{"line":145,"column":59}},{"start":{"line":146,"column":4},"end":{"line":147,"column":60}},{"start":{"line":148,"column":4},"end":{"line":148,"column":15}},{"start":{"line":149,"column":4},"end":{"line":150,"column":19}}],"line":143}},"s":{"0":4,"1":0,"2":4,"3":4,"4":2,"5":2,"6":2,"7":3,"8":0,"9":3,"10":3,"11":3,"12":1,"13":2,"14":4,"15":1,"16":3,"17":2,"18":0,"19":2,"20":4,"21":2,"22":0,"23":2,"24":4,"25":2,"26":2,"27":4,"28":0,"29":4,"30":4,"31":1,"32":3,"33":6,"34":3,"35":0,"36":3,"37":1,"38":2,"39":1,"40":2,"41":1},"f":{"0":4,"1":3,"2":4,"3":2,"4":4,"5":2,"6":4,"7":4,"8":6,"9":3,"10":2,"11":2},"b":{"0":[3],"1":[3],"2":[0,4],"3":[2,2],"4":[2,0],"5":[2,1],"6":[0],"7":[0,3],"8":[3,0],"9":[1,2],"10":[1,3],"11":[0,2],"12":[0,2],"13":[2,2],"14":[0],"15":[0,4],"16":[1,3],"17":[6,5,5],"18":[0],"19":[0,3],"20":[1,1,1,1]},"_coverageSchema":"1a1c01bbd47fc00a2c39e90264f33305004495a9","hash":"9305c0668e9215503d93c08fb633ed5f743c41d4"}}}
